<?xml version="1.0" encoding="UTF-8"?>
<testng-results skipped="0" failed="0" ignored="0" total="1" passed="1">
  <reporter-output>
  </reporter-output>
  <suite name="Default suite" duration-ms="52872" started-at="2020-09-11T09:24:23Z" finished-at="2020-09-11T09:25:16Z">
    <groups>
    </groups>
    <test name="Default test" duration-ms="52872" started-at="2020-09-11T09:24:23Z" finished-at="2020-09-11T09:25:16Z">
      <class name="com.actitime.test.CreateCustomer">
        <test-method status="PASS" signature="openBrowser()[pri:0, instance:com.actitime.test.CreateCustomer@5c3bd550]" name="openBrowser" is-config="true" duration-ms="25780" started-at="2020-09-11T09:24:23Z" finished-at="2020-09-11T09:24:49Z">
          <reporter-output>
          </reporter-output>
        </test-method> <!-- openBrowser -->
        <test-method status="PASS" signature="login()[pri:0, instance:com.actitime.test.CreateCustomer@5c3bd550]" name="login" is-config="true" duration-ms="469" started-at="2020-09-11T09:24:49Z" finished-at="2020-09-11T09:24:49Z">
          <reporter-output>
          </reporter-output>
        </test-method> <!-- login -->
        <test-method status="PASS" signature="testCreateCustomer()[pri:0, instance:com.actitime.test.CreateCustomer@5c3bd550]" name="testCreateCustomer" duration-ms="19868" started-at="2020-09-11T09:24:49Z" finished-at="2020-09-11T09:25:09Z">
          <reporter-output>
          </reporter-output>
        </test-method> <!-- testCreateCustomer -->
        <test-method status="PASS" signature="logout()[pri:0, instance:com.actitime.test.CreateCustomer@5c3bd550]" name="logout" is-config="true" duration-ms="2573" started-at="2020-09-11T09:25:09Z" finished-at="2020-09-11T09:25:12Z">
          <reporter-output>
          </reporter-output>
        </test-method> <!-- logout -->
        <test-method status="PASS" signature="closeBrowser()[pri:0, instance:com.actitime.test.CreateCustomer@5c3bd550]" name="closeBrowser" is-config="true" duration-ms="4148" started-at="2020-09-11T09:25:12Z" finished-at="2020-09-11T09:25:16Z">
          <reporter-output>
          </reporter-output>
        </test-method> <!-- closeBrowser -->
      </class> <!-- com.actitime.test.CreateCustomer -->
    </test> <!-- Default test -->
  </suite> <!-- Default suite -->
</testng-results>
